CRITICAL - 2025-03-15 01:59:03 --> ErrorException: Undefined variable $pengguna
[Method: GET, Route: /]
in APPPATH\Views\home\welcome_message.php on line 100.
 1 APPPATH\Views\home\welcome_message.php(100): CodeIgniter\Debug\Exceptions->errorHandler(2, 'Undefined variable $pengguna', 'C:\\xampp\\htdocs\\Projectku\\codeigniter4-framework-96a1e60\\app\\Views\\home\\welcome_message.php', 100)
 2 SYSTEMPATH\View\View.php(224): include('C:\\xampp\\htdocs\\Projectku\\codeigniter4-framework-96a1e60\\app\\Views\\home\\welcome_message.php')
 3 SYSTEMPATH\View\View.php(227): CodeIgniter\View\View->CodeIgniter\View\{closure}()
 4 SYSTEMPATH\Common.php(1173): CodeIgniter\View\View->render('home/welcome_message', [], true)
 5 APPPATH\Controllers\Home.php(13): view('home/welcome_message')
 6 SYSTEMPATH\CodeIgniter.php(933): App\Controllers\Home->index0()
 7 SYSTEMPATH\CodeIgniter.php(507): CodeIgniter\CodeIgniter->runController(Object(App\Controllers\Home))
 8 SYSTEMPATH\CodeIgniter.php(354): CodeIgniter\CodeIgniter->handleRequest(null, Object(Config\Cache), false)
 9 SYSTEMPATH\Boot.php(334): CodeIgniter\CodeIgniter->run()
10 SYSTEMPATH\Boot.php(67): CodeIgniter\Boot::runCodeIgniter(Object(CodeIgniter\CodeIgniter))
11 FCPATH\index.php(56): CodeIgniter\Boot::bootWeb(Object(Config\Paths))
12 SYSTEMPATH\rewrite.php(44): require_once('C:\\xampp\\htdocs\\Projectku\\codeigniter4-framework-96a1e60\\public\\index.php')
CRITICAL - 2025-03-15 01:59:51 --> ErrorException: Cannot redeclare App\Controllers\Home::index0()
[Method: GET, Route: /]
in APPPATH\Controllers\Home.php on line 15.
 1 [internal function]: CodeIgniter\Debug\Exceptions->shutdownHandler()
CRITICAL - 2025-03-15 01:59:51 --> ErrorException: Cannot redeclare App\Controllers\Home::index0()
[Method: GET, Route: /]
in APPPATH\Controllers\Home.php on line 15.
 1 [internal function]: CodeIgniter\Debug\Exceptions->shutdownHandler()
